2022-07-26 19:42:30,437@ discord.client [WARNING] __init__: PyNaCl is not installed, voice will NOT be supported
2022-07-26 19:42:30,479@ discord.client [INFO] login: logging in using static token
2022-07-26 19:42:31,191@ discord.gateway [INFO] identify: Shard ID None has sent the IDENTIFY payload.
2022-07-26 19:42:31,422@ discord.gateway [INFO] received_message: Shard ID None has connected to Gateway: ["gateway-prd-main-dn0z",{"micros":78598,"calls":["discord-sessions-blue-prd-2-89",{"micros":77423,"calls":["start_session",{"micros":34392,"calls":["discord-api-f8dd45c-q265j",{"micros":29966,"calls":["get_user",{"micros":7231},"add_authorized_ip",{"micros":1989},"get_guilds",{"micros":3696},"coros_wait",{"micros":1}]}]},"guilds_connect",{"micros":2,"calls":[]},"presence_connect",{"micros":14289,"calls":[]}]}]}] (Session ID: 3f1acafa02bc3581cb8a3b5cf75d6df0).
2022-07-26 19:42:33,683@ root [INFO] on_ready: Ustawiono status bota na: Prace techniczne.
2022-07-26 19:42:33,691@ root [INFO] on_ready: Discord bot working...
2022-07-26 19:42:42,534@ root [INFO] on_message: RaDkon wysa wiadomo !status aktywny; na kanale status-bota.
2022-07-26 19:42:43,352@ root [INFO] on_message: HiBOT wysa wiadomo ; na kanale status-bota.
2022-07-26 19:42:43,458@ root [INFO] status: Ustawiono status bota na: Aktywny.
2022-07-26 19:43:13,366@ root [INFO] on_message: RaDkon wysa wiadomo o kurwa, cay dzie siedzenia przy kodzie; na kanale chat.
2022-07-26 19:43:15,198@ root [INFO] on_message: RaDkon wysa wiadomo pozdraiwam; na kanale chat.
2022-07-26 19:45:02,271@ root [INFO] on_message: Matii167 wysa wiadomo !level; na kanale chat.
2022-07-26 19:45:07,777@ root [INFO] on_message: RaDkon wysa wiadomo ??; na kanale chat.
2022-07-26 19:45:08,385@ root [INFO] on_message: Matii167 wysa wiadomo XD; na kanale chat.
2022-07-26 19:45:12,520@ root [INFO] on_message: Matii167 wysa wiadomo Musiaem; na kanale chat.
2022-07-26 19:45:16,386@ root [INFO] on_message: Matii167 wysa wiadomo Sprawdzi; na kanale chat.
2022-07-26 19:45:33,932@ root [INFO] on_message: Matii167 wysa wiadomo Ej kurwa; na kanale chat.
2022-07-26 19:45:37,361@ root [INFO] on_message: Matii167 wysa wiadomo Co jest fajnego; na kanale chat.
2022-07-26 19:45:40,564@ root [INFO] on_message: Matii167 wysa wiadomo W tibi?; na kanale chat.
2022-07-26 19:46:00,735@ root [INFO] on_message: RaDkon wysa wiadomo ja nie iwem; na kanale chat.
2022-07-26 19:46:17,268@ root [INFO] on_message: RaDkon wysa wiadomo nie graem nigdy; na kanale chat.
2022-07-26 20:48:14,457@ discord.gateway [INFO] poll_event: Websocket closed with 1006, attempting a reconnect.
2022-07-26 20:48:14,467@ discord.client [INFO] connect: Got a request to RESUME the websocket.
2022-07-26 20:48:14,948@ discord.gateway [INFO] resume: Shard ID None has sent the RESUME payload.
2022-07-26 20:48:15,106@ discord.gateway [INFO] received_message: Shard ID None has successfully RESUMED session 3f1acafa02bc3581cb8a3b5cf75d6df0 under trace ["gateway-prd-main-8pv7",{"micros":8303,"calls":["discord-sessions-blue-prd-2-89",{"micros":35}]}].
2022-07-26 22:23:10,812@ root [INFO] on_message: RaDkon wysa wiadomo ; na kanale mems.
2022-07-26 22:23:11,946@ root [INFO] on_message: Dodano reakcje: ['ぃ', 'ケ'] do wiadomoci RaDkon o treci <, nazwa pliki: IMG_1249.jpg, link do pliku: https://cdn.discordapp.com/attachments/1000405621444710460/1001585505042972782/IMG_1249.jpg> na kanale: mems
2022-07-26 22:41:19,135@ discord.client [INFO] connect: Got a request to RESUME the websocket.
2022-07-26 22:41:19,641@ discord.gateway [INFO] resume: Shard ID None has sent the RESUME payload.
2022-07-26 22:41:19,789@ discord.gateway [INFO] received_message: Shard ID None has successfully RESUMED session 3f1acafa02bc3581cb8a3b5cf75d6df0 under trace ["gateway-prd-main-h49b",{"micros":1600,"calls":["discord-sessions-blue-prd-2-89",{"micros":24}]}].
2022-07-27 00:46:08,787@ discord.client [INFO] connect: Got a request to RESUME the websocket.
2022-07-27 00:46:09,249@ discord.gateway [INFO] resume: Shard ID None has sent the RESUME payload.
2022-07-27 00:46:09,398@ discord.gateway [INFO] received_message: Shard ID None has successfully RESUMED session 3f1acafa02bc3581cb8a3b5cf75d6df0 under trace ["gateway-prd-main-5fnf",{"micros":638,"calls":["discord-sessions-blue-prd-2-89",{"micros":22}]}].
2022-07-27 01:05:43,380@ discord.client [INFO] connect: Got a request to RESUME the websocket.
2022-07-27 01:05:43,852@ discord.gateway [INFO] resume: Shard ID None has sent the RESUME payload.
2022-07-27 01:05:44,003@ discord.gateway [INFO] received_message: Shard ID None has successfully RESUMED session 3f1acafa02bc3581cb8a3b5cf75d6df0 under trace ["gateway-prd-main-7c9j",{"micros":937,"calls":["discord-sessions-blue-prd-2-89",{"micros":17}]}].
2022-07-27 03:40:36,617@ discord.client [INFO] connect: Got a request to RESUME the websocket.
2022-07-27 03:40:37,081@ discord.gateway [INFO] resume: Shard ID None has sent the RESUME payload.
2022-07-27 03:40:37,236@ discord.gateway [INFO] received_message: Shard ID None has successfully RESUMED session 3f1acafa02bc3581cb8a3b5cf75d6df0 under trace ["gateway-prd-main-9b5q",{"micros":1615,"calls":["discord-sessions-blue-prd-2-89",{"micros":25}]}].
2022-07-27 04:03:32,546@ discord.client [INFO] connect: Got a request to RESUME the websocket.
2022-07-27 04:03:33,006@ discord.gateway [INFO] resume: Shard ID None has sent the RESUME payload.
2022-07-27 04:03:33,150@ discord.gateway [INFO] received_message: Shard ID None has successfully RESUMED session 3f1acafa02bc3581cb8a3b5cf75d6df0 under trace ["gateway-prd-main-dblf",{"micros":1471,"calls":["discord-sessions-blue-prd-2-89",{"micros":21}]}].
2022-07-27 07:23:08,505@ discord.client [INFO] connect: Got a request to RESUME the websocket.
2022-07-27 07:23:08,992@ discord.gateway [INFO] resume: Shard ID None has sent the RESUME payload.
2022-07-27 07:23:09,143@ discord.gateway [INFO] received_message: Shard ID None has successfully RESUMED session 3f1acafa02bc3581cb8a3b5cf75d6df0 under trace ["gateway-prd-main-nff4",{"micros":787,"calls":["discord-sessions-blue-prd-2-89",{"micros":18}]}].
2022-07-27 10:08:37,613@ discord.client [INFO] connect: Got a request to RESUME the websocket.
2022-07-27 10:08:38,096@ discord.gateway [INFO] resume: Shard ID None has sent the RESUME payload.
2022-07-27 10:08:38,247@ discord.gateway [INFO] received_message: Shard ID None has successfully RESUMED session 3f1acafa02bc3581cb8a3b5cf75d6df0 under trace ["gateway-prd-main-mdkm",{"micros":593,"calls":["discord-sessions-blue-prd-2-89",{"micros":19}]}].
2022-07-27 13:14:08,268@ discord.client [INFO] connect: Got a request to RESUME the websocket.
2022-07-27 13:14:08,714@ discord.gateway [INFO] resume: Shard ID None has sent the RESUME payload.
2022-07-27 13:14:08,865@ discord.gateway [INFO] received_message: Shard ID None has successfully RESUMED session 3f1acafa02bc3581cb8a3b5cf75d6df0 under trace ["gateway-prd-main-wjgf",{"micros":2662,"calls":["discord-sessions-blue-prd-2-89",{"micros":22}]}].
2022-07-27 15:31:31,258@ discord.client [INFO] connect: Got a request to RESUME the websocket.
2022-07-27 15:31:31,738@ discord.gateway [INFO] resume: Shard ID None has sent the RESUME payload.
2022-07-27 15:31:31,894@ discord.gateway [INFO] received_message: Shard ID None has successfully RESUMED session 3f1acafa02bc3581cb8a3b5cf75d6df0 under trace ["gateway-prd-main-5q83",{"micros":7496,"calls":["discord-sessions-blue-prd-2-89",{"micros":32}]}].
2022-07-27 16:56:45,840@ discord.gateway [INFO] poll_event: Websocket closed with 1006, attempting a reconnect.
2022-07-27 16:56:45,849@ discord.client [INFO] connect: Got a request to RESUME the websocket.
2022-07-27 16:56:46,327@ discord.gateway [INFO] resume: Shard ID None has sent the RESUME payload.
2022-07-27 16:56:46,479@ discord.gateway [INFO] received_message: Shard ID None has successfully RESUMED session 3f1acafa02bc3581cb8a3b5cf75d6df0 under trace ["gateway-prd-main-8r4w",{"micros":825,"calls":["discord-sessions-blue-prd-2-89",{"micros":20}]}].
2022-07-27 17:35:58,689@ discord.gateway [INFO] poll_event: Websocket closed with 1006, attempting a reconnect.
2022-07-27 17:35:58,698@ discord.client [INFO] connect: Got a request to RESUME the websocket.
2022-07-27 17:35:59,160@ discord.gateway [INFO] resume: Shard ID None has sent the RESUME payload.
2022-07-27 17:35:59,307@ discord.gateway [INFO] received_message: Shard ID None has successfully RESUMED session 3f1acafa02bc3581cb8a3b5cf75d6df0 under trace ["gateway-prd-main-t8fs",{"micros":592,"calls":["discord-sessions-blue-prd-2-89",{"micros":23}]}].
2022-07-27 19:41:22,875@ discord.client [INFO] connect: Got a request to RESUME the websocket.
2022-07-27 19:41:23,325@ discord.gateway [INFO] resume: Shard ID None has sent the RESUME payload.
2022-07-27 19:41:23,473@ discord.gateway [INFO] received_message: Shard ID None has successfully RESUMED session 3f1acafa02bc3581cb8a3b5cf75d6df0 under trace ["gateway-prd-main-gmtb",{"micros":615,"calls":["discord-sessions-blue-prd-2-89",{"micros":16}]}].
2022-07-27 20:57:48,223@ root [INFO] on_message: RaDkon wysa wiadomo dzisiaj ogarnem troch maca pod streamy; na kanale chat.
2022-07-27 20:58:09,706@ root [INFO] on_message: RaDkon wysa wiadomo tak偶e kurwa niedugo bdzie mogli mnie pooglda; na kanale chat.
2022-07-27 20:58:12,224@ root [INFO] on_message: RaDkon wysa wiadomo m贸j ryjek; na kanale chat.
2022-07-27 20:58:17,591@ root [INFO] on_message: RaDkon wysa wiadomo i tyle w sumie; na kanale chat.
2022-07-27 20:58:20,675@ root [INFO] on_message: VooDooBeach wysa wiadomo ぎ; na kanale chat.
2022-07-27 20:58:29,811@ root [INFO] on_message: RaDkon wysa wiadomo <:KEKW:1000413798584307762>; na kanale chat.
2022-07-27 20:58:44,440@ root [INFO] on_message: Kucyk wysa wiadomo yeeey; na kanale chat.
2022-07-27 20:58:50,152@ root [INFO] on_message: RaDkon wysa wiadomo ale powiem szczerze; na kanale chat.
2022-07-27 20:58:52,649@ root [INFO] on_message: RaDkon wysa wiadomo jebaem si z tym; na kanale chat.
2022-07-27 20:58:57,481@ root [INFO] on_message: RaDkon wysa wiadomo bo mac tak jak m贸wiem; na kanale chat.
2022-07-27 20:59:06,019@ root [INFO] on_message: RaDkon wysa wiadomo jest dla ludzi "innych"; na kanale chat.
2022-07-27 20:59:12,693@ root [INFO] on_message: RaDkon wysa wiadomo nie wiem czy lepszych czy gorszych; na kanale chat.
2022-07-27 20:59:33,021@ root [INFO] on_message: RaDkon wysa wiadomo u偶ywam go od kilku msc i nadal mam wra偶enie, 偶e nie potrafi; na kanale chat.
2022-07-27 21:00:02,412@ root [INFO] on_message: RaDkon wysa wiadomo jeli chodzi o jakie instalowanie program贸w kt贸rych nie ma army; na kanale chat.
2022-07-27 21:00:51,359@ root [INFO] on_message: RaDkon wysa wiadomo dzisiaj w og贸le dostaem jakiegofollowa; na kanale chat.
2022-07-27 21:00:56,077@ root [INFO] on_message: RaDkon wysa wiadomo z dupy; na kanale chat.
2022-07-27 21:01:10,723@ root [INFO] on_message: RaDkon wysa wiadomo na tw; na kanale chat.
2022-07-27 21:02:00,117@ root [INFO] on_message: RaDkon wysa wiadomo !losowy-mem; na kanale mems.
2022-07-27 21:02:01,517@ root [INFO] on_message: HiBOT wysa wiadomo https://memy.pl/show/big/uploads/Post/404179/16544555922659.jpg; na kanale mems.
2022-07-27 21:02:02,666@ root [INFO] on_message: HiBOT wysa wiadomo: <https://memy.pl/show/big/uploads/Post/404179/16544555922659.jpg> na kanale: mems.
2022-07-27 21:02:03,742@ root [INFO] using_command_logging_info: RaDkon u偶y komendy !losowy-mem.
2022-07-27 21:02:22,782@ root [INFO] on_message: RaDkon wysa wiadomo !losowy-mem; na kanale mems.
2022-07-27 21:02:24,065@ root [INFO] on_message: HiBOT wysa wiadomo https://memy.pl/show/big/uploads/Post/405249/16554948460195.jpg; na kanale mems.
2022-07-27 21:02:25,520@ root [INFO] on_message: HiBOT wysa wiadomo: <https://memy.pl/show/big/uploads/Post/405249/16554948460195.jpg> na kanale: mems.
2022-07-27 21:02:26,187@ root [INFO] using_command_logging_info: RaDkon u偶y komendy !losowy-mem.
2022-07-27 21:04:04,579@ root [INFO] on_message: RaDkon wysa wiadomo no i kurwa kolejna rzecz to jebane programy kt贸re kosztuj w ciul; na kanale chat.
2022-07-27 21:08:39,884@ discord.client [INFO] connect: Got a request to RESUME the websocket.
2022-07-27 21:08:40,354@ discord.gateway [INFO] resume: Shard ID None has sent the RESUME payload.
2022-07-27 21:08:40,508@ discord.gateway [INFO] received_message: Shard ID None has successfully RESUMED session 3f1acafa02bc3581cb8a3b5cf75d6df0 under trace ["gateway-prd-main-x8bk",{"micros":2631,"calls":["discord-sessions-blue-prd-2-89",{"micros":17}]}].
2022-07-27 22:21:05,811@ root [INFO] on_message: RaDkon wysa wiadomo no tak; na kanale chat.
2022-07-27 22:21:09,307@ root [INFO] on_message: RaDkon wysa wiadomo chuj mi w dupe; na kanale chat.
2022-07-27 22:21:21,422@ root [INFO] on_message: RaDkon wysa wiadomo <:Sadge:1000411481558495332>; na kanale chat.
2022-07-27 22:44:11,994@ root [INFO] on_message: RaDkon wysa wiadomo dziki Daniel ; na kanale chat.
2022-07-27 22:48:00,496@ discord.gateway [INFO] poll_event: Websocket closed with 1006, attempting a reconnect.
2022-07-27 22:48:00,505@ discord.client [INFO] connect: Got a request to RESUME the websocket.
2022-07-27 22:48:00,963@ discord.gateway [INFO] resume: Shard ID None has sent the RESUME payload.
2022-07-27 22:48:01,104@ discord.gateway [INFO] received_message: Shard ID None has successfully RESUMED session 3f1acafa02bc3581cb8a3b5cf75d6df0 under trace ["gateway-prd-main-69bd",{"micros":851,"calls":["discord-sessions-blue-prd-2-89",{"micros":30}]}].
2022-07-27 23:03:06,380@ discord.gateway [INFO] poll_event: Websocket closed with 1001, attempting a reconnect.
2022-07-27 23:03:06,388@ discord.client [INFO] connect: Got a request to RESUME the websocket.
2022-07-27 23:03:06,855@ discord.gateway [INFO] resume: Shard ID None has sent the RESUME payload.
2022-07-27 23:03:07,002@ discord.gateway [INFO] received_message: Shard ID None has successfully RESUMED session 3f1acafa02bc3581cb8a3b5cf75d6df0 under trace ["gateway-prd-main-w3wz",{"micros":3346,"calls":["discord-sessions-blue-prd-2-89",{"micros":30}]}].
2022-07-27 23:39:30,681@ root [INFO] on_message: Matii167 wysa wiadomo Widziaem; na kanale chat.
2022-07-27 23:39:32,399@ root [INFO] on_message: Matii167 wysa wiadomo W; na kanale chat.
2022-07-27 23:39:39,726@ root [INFO] on_message: Matii167 wysa wiadomo Kiedy ogldalimy stream buddy; na kanale chat.
2022-07-27 23:39:42,806@ root [INFO] on_message: Matii167 wysa wiadomo Bo nie pamietam; na kanale chat.
2022-07-27 23:39:43,961@ root [INFO] on_message: Matii167 wysa wiadomo XD; na kanale chat.
2022-07-27 23:54:05,076@ root [INFO] on_message: RaDkon wysa wiadomo no to prawda; na kanale chat.
2022-07-27 23:54:33,551@ discord.client [INFO] run: Received signal to terminate bot and event loop.
2022-07-27 23:54:33,555@ discord.client [INFO] run: Cleaning up tasks.
2022-07-27 23:54:33,559@ discord.client [INFO] _cancel_tasks: Cleaning up after 1 tasks.
2022-07-27 23:54:33,568@ discord.client [INFO] _cancel_tasks: All tasks finished cancelling.
2022-07-27 23:54:33,571@ discord.client [INFO] _cleanup_loop: Closing the event loop.
